<?xml version="1.0" encoding="UTF-8"?>
<!-- Generated by org.testng.reporters.JUnitReportReporter -->
<testsuite hostname="LAPTOP-1OSRTK8I" failures="0" tests="2" name="com.DD.Speedoy.Test.LoginTest" time="4.595" errors="0" timestamp="2022-02-01T13:45:56 CET" skipped="0">
  <testcase classname="com.DD.Speedoy.Test.LoginTest" name="Verify_ValidEmail_ValidPassword" time="2.206"/>
  <system-out/>
  <testcase classname="com.DD.Speedoy.Test.LoginTest" name="Verify_ValidEmail_ValidPassword" time="2.389"/>
  <system-out/>
</testsuite> <!-- com.DD.Speedoy.Test.LoginTest -->
