<?xml version="1.0" encoding="UTF-8"?>
<!-- Generated by org.testng.reporters.JUnitReportReporter -->
<testsuite hostname="LAPTOP-1OSRTK8I" failures="0" tests="3" name="com.DD.Speedoy.Test.VerifyTitle" time="58.540" errors="0" timestamp="2022-01-24T13:50:37 CET" skipped="0">
  <testcase classname="com.DD.Speedoy.Test.VerifyTitle" name="searchbyDeliveryORPickup" time="36.117"/>
  <system-out/>
  <testcase classname="com.DD.Speedoy.Test.VerifyTitle" name="searchbyDeliveryORPickup" time="22.404"/>
  <system-out/>
  <testcase classname="com.DD.Speedoy.Test.VerifyTitle" name="Homepage" time="0.019"/>
  <system-out>
    <![CDATA[Title is captured and validated by comparing it to expected title]]>
  </system-out>
</testsuite> <!-- com.DD.Speedoy.Test.VerifyTitle -->
