<?xml version="1.0" encoding="UTF-8"?>
<!-- Generated by org.testng.reporters.JUnitReportReporter -->
<testsuite hostname="LAPTOP-1OSRTK8I" failures="0" tests="1" name="org.Components.InitializeBrowserTest" time="20.377" errors="0" timestamp="2021-10-31T23:28:26 CET" skipped="0">
  <testcase classname="org.Components.InitializeBrowserTest" name="VerifyTitle" time="20.377"/>
  <system-out/>
</testsuite> <!-- org.Components.InitializeBrowserTest -->
